<?xml version="1.0" encoding="UTF-8"?>
<coverage generated="1615418423575" clover="3.2.0">
  <project timestamp="1615418423575" name="All files">
    <metrics statements="78" coveredstatements="72" conditionals="60" coveredconditionals="50" methods="28" coveredmethods="27" elements="166" coveredelements="149" complexity="0" loc="78" ncloc="78" packages="1" files="2" classes="2"/>
    <file name="mattermost.ts" path="/home/runner/work/xunit-mattermost-reporter/xunit-mattermost-reporter/.work/build/src/mattermost.ts">
      <metrics statements="55" coveredstatements="50" conditionals="56" coveredconditionals="47" methods="16" coveredmethods="15"/>
      <line num="1" count="2" type="stmt"/>
      <line num="3" count="2" type="stmt"/>
      <line num="4" count="2" type="stmt"/>
      <line num="5" count="2" type="stmt"/>
      <line num="6" count="2" type="stmt"/>
      <line num="7" count="2" type="stmt"/>
      <line num="22" count="2" type="stmt"/>
      <line num="26" count="0" type="stmt"/>
      <line num="31" count="0" type="stmt"/>
      <line num="32" count="0" type="stmt"/>
      <line num="33" count="0" type="stmt"/>
      <line num="34" count="0" type="stmt"/>
      <line num="48" count="9" type="cond" truecount="2" falsecount="0"/>
      <line num="49" count="8" type="stmt"/>
      <line num="51" count="1" type="stmt"/>
      <line num="52" count="3" type="cond" truecount="2" falsecount="0"/>
      <line num="53" count="2" type="stmt"/>
      <line num="55" count="1" type="stmt"/>
      <line num="59" count="5" type="stmt"/>
      <line num="60" count="5" type="stmt"/>
      <line num="61" count="5" type="stmt"/>
      <line num="64" count="9" type="stmt"/>
      <line num="65" count="9" type="cond" truecount="2" falsecount="0"/>
      <line num="66" count="7" type="stmt"/>
      <line num="72" count="2" type="stmt"/>
      <line num="91" count="10" type="stmt"/>
      <line num="92" count="40" type="stmt"/>
      <line num="94" count="10" type="stmt"/>
      <line num="95" count="18" type="cond" truecount="3" falsecount="1"/>
      <line num="97" count="10" type="stmt"/>
      <line num="98" count="18" type="cond" truecount="3" falsecount="1"/>
      <line num="100" count="10" type="stmt"/>
      <line num="101" count="18" type="cond" truecount="3" falsecount="1"/>
      <line num="103" count="10" type="stmt"/>
      <line num="104" count="18" type="cond" truecount="3" falsecount="1"/>
      <line num="106" count="10" type="stmt"/>
      <line num="107" count="18" type="cond" truecount="3" falsecount="1"/>
      <line num="109" count="10" type="stmt"/>
      <line num="118" count="2" type="stmt"/>
      <line num="121" count="5" type="stmt"/>
      <line num="122" count="5" type="stmt"/>
      <line num="124" count="5" type="stmt"/>
      <line num="125" count="5" type="cond" truecount="3" falsecount="1"/>
      <line num="128" count="5" type="stmt"/>
      <line num="129" count="5" type="cond" truecount="3" falsecount="1"/>
      <line num="130" count="5" type="cond" truecount="2" falsecount="0"/>
      <line num="133" count="5" type="stmt"/>
      <line num="138" count="5" type="stmt"/>
      <line num="142" count="5" type="cond" truecount="2" falsecount="0"/>
      <line num="143" count="5" type="stmt"/>
      <line num="147" count="5" type="stmt"/>
      <line num="148" count="5" type="stmt"/>
      <line num="158" count="5" type="stmt"/>
      <line num="168" count="8" type="cond" truecount="2" falsecount="0"/>
      <line num="172" count="5" type="stmt"/>
    </file>
    <file name="xunit.ts" path="/home/runner/work/xunit-mattermost-reporter/xunit-mattermost-reporter/.work/build/src/xunit.ts">
      <metrics statements="23" coveredstatements="22" conditionals="4" coveredconditionals="3" methods="12" coveredmethods="12"/>
      <line num="1" count="3" type="stmt"/>
      <line num="2" count="3" type="stmt"/>
      <line num="3" count="3" type="stmt"/>
      <line num="5" count="3" type="stmt"/>
      <line num="26" count="3" type="stmt"/>
      <line num="29" count="8" type="stmt"/>
      <line num="30" count="7" type="cond" truecount="2" falsecount="0"/>
      <line num="31" count="4" type="stmt"/>
      <line num="33" count="4" type="stmt"/>
      <line num="35" count="3" type="cond" truecount="1" falsecount="1"/>
      <line num="36" count="3" type="stmt"/>
      <line num="38" count="9" type="stmt"/>
      <line num="40" count="9" type="stmt"/>
      <line num="41" count="9" type="stmt"/>
      <line num="45" count="9" type="stmt"/>
      <line num="46" count="9" type="stmt"/>
      <line num="47" count="9" type="stmt"/>
      <line num="48" count="9" type="stmt"/>
      <line num="49" count="9" type="stmt"/>
      <line num="50" count="9" type="stmt"/>
      <line num="51" count="9" type="stmt"/>
      <line num="56" count="9" type="stmt"/>
      <line num="61" count="0" type="stmt"/>
    </file>
  </project>
</coverage>
