{"/home/runner/work/xunit-mattermost-reporter/xunit-mattermost-reporter/.work/build/src/mattermost.ts": {"path":"/home/runner/work/xunit-mattermost-reporter/xunit-mattermost-reporter/.work/build/src/mattermost.ts","statementMap":{"0":{"start":{"line":1,"column":0},"end":{"line":1,"column":39}},"1":{"start":{"line":3,"column":0},"end":{"line":3,"column":37}},"2":{"start":{"line":4,"column":0},"end":{"line":4,"column":23}},"3":{"start":{"line":5,"column":0},"end":{"line":5,"column":23}},"4":{"start":{"line":6,"column":0},"end":{"line":6,"column":23}},"5":{"start":{"line":7,"column":0},"end":{"line":7,"column":27}},"6":{"start":{"line":26,"column":17},"end":{"line":30,"column":null}},"7":{"start":{"line":31,"column":2},"end":{"line":31,"column":null}},"8":{"start":{"line":32,"column":2},"end":{"line":32,"column":null}},"9":{"start":{"line":33,"column":17},"end":{"line":33,"column":39}},"10":{"start":{"line":34,"column":2},"end":{"line":34,"column":null}},"11":{"start":{"line":22,"column":0},"end":{"line":22,"column":22}},"12":{"start":{"line":48,"column":2},"end":{"line":50,"column":null}},"13":{"start":{"line":49,"column":4},"end":{"line":49,"column":null}},"14":{"start":{"line":51,"column":16},"end":{"line":54,"column":14}},"15":{"start":{"line":52,"column":24},"end":{"line":52,"column":69}},"16":{"start":{"line":53,"column":21},"end":{"line":53,"column":62}},"17":{"start":{"line":55,"column":2},"end":{"line":55,"column":null}},"18":{"start":{"line":59,"column":2},"end":{"line":59,"column":null}},"19":{"start":{"line":60,"column":18},"end":{"line":60,"column":41}},"20":{"start":{"line":61,"column":2},"end":{"line":87,"column":null}},"21":{"start":{"line":64,"column":27},"end":{"line":64,"column":73}},"22":{"start":{"line":65,"column":8},"end":{"line":77,"column":null}},"23":{"start":{"line":66,"column":10},"end":{"line":70,"column":null}},"24":{"start":{"line":72,"column":10},"end":{"line":76,"column":null}},"25":{"start":{"line":91,"column":16},"end":{"line":93,"column":3}},"26":{"start":{"line":92,"column":4},"end":{"line":92,"column":null}},"27":{"start":{"line":94,"column":19},"end":{"line":96,"column":18}},"28":{"start":{"line":95,"column":17},"end":{"line":95,"column":35}},"29":{"start":{"line":97,"column":23},"end":{"line":99,"column":18}},"30":{"start":{"line":98,"column":17},"end":{"line":98,"column":37}},"31":{"start":{"line":100,"column":23},"end":{"line":102,"column":18}},"32":{"start":{"line":101,"column":17},"end":{"line":101,"column":36}},"33":{"start":{"line":103,"column":25},"end":{"line":105,"column":18}},"34":{"start":{"line":104,"column":17},"end":{"line":104,"column":39}},"35":{"start":{"line":106,"column":23},"end":{"line":108,"column":18}},"36":{"start":{"line":107,"column":17},"end":{"line":107,"column":41}},"37":{"start":{"line":109,"column":2},"end":{"line":115,"column":null}},"38":{"start":{"line":121,"column":18},"end":{"line":121,"column":41}},"39":{"start":{"line":122,"column":23},"end":{"line":122,"column":43}},"40":{"start":{"line":124,"column":24},"end":{"line":124,"column":54}},"41":{"start":{"line":125,"column":18},"end":{"line":127,"column":74}},"42":{"start":{"line":128,"column":20},"end":{"line":128,"column":54}},"43":{"start":{"line":129,"column":26},"end":{"line":129,"column":67}},"44":{"start":{"line":130,"column":25},"end":{"line":131,"column":null}},"45":{"start":{"line":133,"column":22},"end":{"line":136,"column":null}},"46":{"start":{"line":138,"column":21},"end":{"line":140,"column":39}},"47":{"start":{"line":142,"column":17},"end":{"line":142,"column":53}},"48":{"start":{"line":143,"column":28},"end":{"line":145,"column":24}},"49":{"start":{"line":147,"column":23},"end":{"line":147,"column":62}},"50":{"start":{"line":148,"column":27},"end":{"line":156,"column":50}},"51":{"start":{"line":158,"column":2},"end":{"line":164,"column":null}},"52":{"start":{"line":118,"column":0},"end":{"line":118,"column":16}},"53":{"start":{"line":168,"column":2},"end":{"line":168,"column":null}},"54":{"start":{"line":172,"column":2},"end":{"line":175,"column":null}}},"fnMap":{"0":{"name":"postReportToMatterMost","decl":{"start":{"line":22,"column":22},"end":{"line":22,"column":44}},"loc":{"start":{"line":24,"column":22},"end":{"line":35,"column":null}}},"1":{"name":"junitSuitePropertiesToString","decl":{"start":{"line":45,"column":9},"end":{"line":45,"column":37}},"loc":{"start":{"line":46,"column":34},"end":{"line":56,"column":1}}},"2":{"name":"(anonymous_17)","decl":{"start":{"line":52,"column":12},"end":{"line":52,"column":20}},"loc":{"start":{"line":52,"column":24},"end":{"line":52,"column":69}}},"3":{"name":"(anonymous_18)","decl":{"start":{"line":53,"column":9},"end":{"line":53,"column":17}},"loc":{"start":{"line":53,"column":21},"end":{"line":53,"column":62}}},"4":{"name":"generateTableMarkdownFromReport","decl":{"start":{"line":58,"column":9},"end":{"line":58,"column":40}},"loc":{"start":{"line":58,"column":61},"end":{"line":88,"column":1}}},"5":{"name":"(anonymous_20)","decl":{"start":{"line":63,"column":28},"end":{"line":63,"column":33}},"loc":{"start":{"line":63,"column":36},"end":{"line":78,"column":7}}},"6":{"name":"summarizeReport","decl":{"start":{"line":90,"column":9},"end":{"line":90,"column":24}},"loc":{"start":{"line":90,"column":45},"end":{"line":116,"column":1}}},"7":{"name":"(anonymous_22)","decl":{"start":{"line":91,"column":16},"end":{"line":91,"column":17}},"loc":{"start":{"line":91,"column":57},"end":{"line":93,"column":3}}},"8":{"name":"(anonymous_23)","decl":{"start":{"line":95,"column":9},"end":{"line":95,"column":14}},"loc":{"start":{"line":95,"column":17},"end":{"line":95,"column":35}}},"9":{"name":"(anonymous_24)","decl":{"start":{"line":98,"column":9},"end":{"line":98,"column":14}},"loc":{"start":{"line":98,"column":17},"end":{"line":98,"column":37}}},"10":{"name":"(anonymous_25)","decl":{"start":{"line":101,"column":9},"end":{"line":101,"column":14}},"loc":{"start":{"line":101,"column":17},"end":{"line":101,"column":36}}},"11":{"name":"(anonymous_26)","decl":{"start":{"line":104,"column":9},"end":{"line":104,"column":14}},"loc":{"start":{"line":104,"column":17},"end":{"line":104,"column":39}}},"12":{"name":"(anonymous_27)","decl":{"start":{"line":107,"column":9},"end":{"line":107,"column":14}},"loc":{"start":{"line":107,"column":17},"end":{"line":107,"column":41}}},"13":{"name":"renderReportToMattermostAttachment","decl":{"start":{"line":118,"column":16},"end":{"line":118,"column":50}},"loc":{"start":{"line":119,"column":22},"end":{"line":165,"column":1}}},"14":{"name":"getBranchNameFromRef","decl":{"start":{"line":167,"column":9},"end":{"line":167,"column":29}},"loc":{"start":{"line":167,"column":41},"end":{"line":169,"column":1}}},"15":{"name":"getBranchUrl","decl":{"start":{"line":171,"column":9},"end":{"line":171,"column":21}},"loc":{"start":{"line":171,"column":47},"end":{"line":176,"column":1}}}},"branchMap":{"0":{"loc":{"start":{"line":48,"column":2},"end":{"line":50,"column":null}},"type":"if","locations":[{"start":{"line":48,"column":2},"end":{"line":50,"column":null}},{"start":{"line":48,"column":2},"end":{"line":50,"column":null}}]},"1":{"loc":{"start":{"line":52,"column":24},"end":{"line":52,"column":44}},"type":"binary-expr","locations":[{"start":{"line":52,"column":24},"end":{"line":52,"column":44}},{"start":{"line":52,"column":48},"end":{"line":52,"column":69}}]},"2":{"loc":{"start":{"line":65,"column":8},"end":{"line":77,"column":null}},"type":"if","locations":[{"start":{"line":65,"column":8},"end":{"line":77,"column":null}},{"start":{"line":65,"column":8},"end":{"line":77,"column":null}}]},"3":{"loc":{"start":{"line":95,"column":29},"end":{"line":95,"column":33}},"type":"cond-expr","locations":[{"start":{"line":95,"column":29},"end":{"line":95,"column":33}},{"start":{"line":95,"column":33},"end":{"line":95,"column":34}}]},"4":{"loc":{"start":{"line":95,"column":17},"end":{"line":95,"column":33}},"type":"binary-expr","locations":[{"start":{"line":95,"column":17},"end":{"line":95,"column":33}},{"start":{"line":95,"column":29},"end":{"line":95,"column":33}}]},"5":{"loc":{"start":{"line":98,"column":31},"end":{"line":98,"column":35}},"type":"cond-expr","locations":[{"start":{"line":98,"column":31},"end":{"line":98,"column":35}},{"start":{"line":98,"column":35},"end":{"line":98,"column":36}}]},"6":{"loc":{"start":{"line":98,"column":17},"end":{"line":98,"column":35}},"type":"binary-expr","locations":[{"start":{"line":98,"column":17},"end":{"line":98,"column":35}},{"start":{"line":98,"column":31},"end":{"line":98,"column":35}}]},"7":{"loc":{"start":{"line":101,"column":30},"end":{"line":101,"column":34}},"type":"cond-expr","locations":[{"start":{"line":101,"column":30},"end":{"line":101,"column":34}},{"start":{"line":101,"column":34},"end":{"line":101,"column":35}}]},"8":{"loc":{"start":{"line":101,"column":17},"end":{"line":101,"column":34}},"type":"binary-expr","locations":[{"start":{"line":101,"column":17},"end":{"line":101,"column":34}},{"start":{"line":101,"column":30},"end":{"line":101,"column":34}}]},"9":{"loc":{"start":{"line":104,"column":33},"end":{"line":104,"column":37}},"type":"cond-expr","locations":[{"start":{"line":104,"column":33},"end":{"line":104,"column":37}},{"start":{"line":104,"column":37},"end":{"line":104,"column":38}}]},"10":{"loc":{"start":{"line":104,"column":17},"end":{"line":104,"column":37}},"type":"binary-expr","locations":[{"start":{"line":104,"column":17},"end":{"line":104,"column":37}},{"start":{"line":104,"column":33},"end":{"line":104,"column":37}}]},"11":{"loc":{"start":{"line":107,"column":35},"end":{"line":107,"column":39}},"type":"cond-expr","locations":[{"start":{"line":107,"column":35},"end":{"line":107,"column":39}},{"start":{"line":107,"column":39},"end":{"line":107,"column":40}}]},"12":{"loc":{"start":{"line":107,"column":17},"end":{"line":107,"column":39}},"type":"binary-expr","locations":[{"start":{"line":107,"column":17},"end":{"line":107,"column":39}},{"start":{"line":107,"column":35},"end":{"line":107,"column":39}}]},"13":{"loc":{"start":{"line":126,"column":6},"end":{"line":126,"column":50}},"type":"cond-expr","locations":[{"start":{"line":126,"column":6},"end":{"line":126,"column":50}},{"start":{"line":127,"column":6},"end":{"line":127,"column":74}}]},"14":{"loc":{"start":{"line":125,"column":44},"end":{"line":125,"column":46}},"type":"cond-expr","locations":[{"start":{"line":125,"column":44},"end":{"line":125,"column":46}},{"start":{"line":125,"column":44},"end":{"line":125,"column":54}}]},"15":{"loc":{"start":{"line":125,"column":18},"end":{"line":125,"column":46}},"type":"binary-expr","locations":[{"start":{"line":125,"column":18},"end":{"line":125,"column":46}},{"start":{"line":125,"column":44},"end":{"line":125,"column":46}}]},"16":{"loc":{"start":{"line":129,"column":56},"end":{"line":129,"column":58}},"type":"cond-expr","locations":[{"start":{"line":129,"column":56},"end":{"line":129,"column":58}},{"start":{"line":129,"column":56},"end":{"line":129,"column":66}}]},"17":{"loc":{"start":{"line":129,"column":33},"end":{"line":129,"column":58}},"type":"binary-expr","locations":[{"start":{"line":129,"column":33},"end":{"line":129,"column":58}},{"start":{"line":129,"column":56},"end":{"line":129,"column":58}}]},"18":{"loc":{"start":{"line":131,"column":26},"end":{"line":131,"column":28}},"type":"cond-expr","locations":[{"start":{"line":131,"column":26},"end":{"line":131,"column":28}},{"start":{"line":131,"column":26},"end":{"line":131,"column":null}}]},"19":{"loc":{"start":{"line":130,"column":32},"end":{"line":131,"column":28}},"type":"binary-expr","locations":[{"start":{"line":130,"column":32},"end":{"line":131,"column":28}},{"start":{"line":131,"column":26},"end":{"line":131,"column":28}}]},"20":{"loc":{"start":{"line":139,"column":6},"end":{"line":139,"column":85}},"type":"cond-expr","locations":[{"start":{"line":139,"column":6},"end":{"line":139,"column":85}},{"start":{"line":140,"column":6},"end":{"line":140,"column":39}}]},"21":{"loc":{"start":{"line":142,"column":32},"end":{"line":142,"column":41}},"type":"cond-expr","locations":[{"start":{"line":142,"column":32},"end":{"line":142,"column":41}},{"start":{"line":142,"column":44},"end":{"line":142,"column":53}}]},"22":{"loc":{"start":{"line":144,"column":6},"end":{"line":144,"column":24}},"type":"cond-expr","locations":[{"start":{"line":144,"column":6},"end":{"line":144,"column":24}},{"start":{"line":145,"column":6},"end":{"line":145,"column":24}}]},"23":{"loc":{"start":{"line":151,"column":42},"end":{"line":151,"column":46}},"type":"cond-expr","locations":[{"start":{"line":151,"column":42},"end":{"line":151,"column":46}},{"start":{"line":151,"column":46},"end":{"line":151,"column":null}}]},"24":{"loc":{"start":{"line":151,"column":4},"end":{"line":151,"column":46}},"type":"binary-expr","locations":[{"start":{"line":151,"column":4},"end":{"line":151,"column":46}},{"start":{"line":151,"column":42},"end":{"line":151,"column":46}}]},"25":{"loc":{"start":{"line":151,"column":32},"end":{"line":151,"column":34}},"type":"cond-expr","locations":[{"start":{"line":151,"column":32},"end":{"line":151,"column":34}},{"start":{"line":151,"column":32},"end":{"line":151,"column":42}}]},"26":{"loc":{"start":{"line":151,"column":4},"end":{"line":151,"column":34}},"type":"binary-expr","locations":[{"start":{"line":151,"column":4},"end":{"line":151,"column":34}},{"start":{"line":151,"column":32},"end":{"line":151,"column":34}}]},"27":{"loc":{"start":{"line":168,"column":41},"end":{"line":168,"column":55}},"type":"cond-expr","locations":[{"start":{"line":168,"column":41},"end":{"line":168,"column":55}},{"start":{"line":168,"column":58},"end":{"line":168,"column":61}}]}},"s":{"0":2,"1":2,"2":2,"3":2,"4":2,"5":2,"6":0,"7":0,"8":0,"9":0,"10":0,"11":2,"12":9,"13":8,"14":1,"15":3,"16":2,"17":1,"18":5,"19":5,"20":5,"21":9,"22":9,"23":7,"24":2,"25":10,"26":40,"27":10,"28":18,"29":10,"30":18,"31":10,"32":18,"33":10,"34":18,"35":10,"36":18,"37":10,"38":5,"39":5,"40":5,"41":5,"42":5,"43":5,"44":5,"45":5,"46":5,"47":5,"48":5,"49":5,"50":5,"51":5,"52":2,"53":8,"54":5},"f":{"0":0,"1":9,"2":3,"3":2,"4":5,"5":9,"6":10,"7":40,"8":18,"9":18,"10":18,"11":18,"12":18,"13":5,"14":8,"15":5},"b":{"0":[8,1],"1":[3,3],"2":[7,2],"3":[18,0],"4":[18,18],"5":[18,0],"6":[18,18],"7":[18,0],"8":[18,18],"9":[18,0],"10":[18,18],"11":[18,0],"12":[18,18],"13":[5,0],"14":[0,5],"15":[5,5],"16":[0,5],"17":[5,5],"18":[0,5],"19":[5,5],"20":[2,3],"21":[3,2],"22":[3,2],"23":[2,3],"24":[5,5],"25":[3,2],"26":[5,2],"27":[6,2]}}
,"/home/runner/work/xunit-mattermost-reporter/xunit-mattermost-reporter/.work/build/src/xunit.ts": {"path":"/home/runner/work/xunit-mattermost-reporter/xunit-mattermost-reporter/.work/build/src/xunit.ts","statementMap":{"0":{"start":{"line":1,"column":0},"end":{"line":1,"column":19}},"1":{"start":{"line":2,"column":0},"end":{"line":2,"column":23}},"2":{"start":{"line":3,"column":0},"end":{"line":3,"column":37}},"3":{"start":{"line":5,"column":0},"end":{"line":5,"column":43}},"4":{"start":{"line":29,"column":19},"end":{"line":29,"column":41}},"5":{"start":{"line":30,"column":2},"end":{"line":34,"column":null}},"6":{"start":{"line":31,"column":4},"end":{"line":33,"column":null}},"7":{"start":{"line":33,"column":22},"end":{"line":33,"column":44}},"8":{"start":{"line":35,"column":2},"end":{"line":60,"column":null}},"9":{"start":{"line":36,"column":4},"end":{"line":59,"column":null}},"10":{"start":{"line":38,"column":19},"end":{"line":38,"column":75}},"11":{"start":{"line":40,"column":18},"end":{"line":43,"column":null}},"12":{"start":{"line":41,"column":10},"end":{"line":43,"column":null}},"13":{"start":{"line":45,"column":50},"end":{"line":59,"column":9}},"14":{"start":{"line":46,"column":8},"end":{"line":58,"column":null}},"15":{"start":{"line":46,"column":54},"end":{"line":58,"column":10}},"16":{"start":{"line":47,"column":10},"end":{"line":57,"column":null}},"17":{"start":{"line":48,"column":12},"end":{"line":50,"column":null}},"18":{"start":{"line":49,"column":28},"end":{"line":49,"column":61}},"19":{"start":{"line":50,"column":30},"end":{"line":50,"column":44}},"20":{"start":{"line":51,"column":48},"end":{"line":55,"column":null}},"21":{"start":{"line":56,"column":12},"end":{"line":56,"column":null}},"22":{"start":{"line":61,"column":2},"end":{"line":61,"column":null}},"23":{"start":{"line":26,"column":0},"end":{"line":26,"column":22}}},"fnMap":{"0":{"name":"collectXUnitData","decl":{"start":{"line":26,"column":22},"end":{"line":26,"column":38}},"loc":{"start":{"line":27,"column":24},"end":{"line":62,"column":null}}},"1":{"name":"(anonymous_16)","decl":{"start":{"line":33,"column":12},"end":{"line":33,"column":18}},"loc":{"start":{"line":33,"column":22},"end":{"line":33,"column":44}}},"2":{"name":"(anonymous_17)","decl":{"start":{"line":38,"column":14},"end":{"line":38,"column":15}},"loc":{"start":{"line":38,"column":19},"end":{"line":38,"column":75}}},"3":{"name":"(anonymous_18)","decl":{"start":{"line":40,"column":8},"end":{"line":40,"column":14}},"loc":{"start":{"line":40,"column":18},"end":{"line":43,"column":null}}},"4":{"name":"(anonymous_19)","decl":{"start":{"line":40,"column":18},"end":{"line":40,"column":null}},"loc":{"start":{"line":40,"column":18},"end":{"line":43,"column":null}}},"5":{"name":"(anonymous_20)","decl":{"start":{"line":45,"column":14},"end":{"line":45,"column":21}},"loc":{"start":{"line":45,"column":50},"end":{"line":59,"column":9}}},"6":{"name":"(anonymous_21)","decl":{"start":{"line":45,"column":50},"end":{"line":45,"column":null}},"loc":{"start":{"line":45,"column":50},"end":{"line":59,"column":7}}},"7":{"name":"(anonymous_22)","decl":{"start":{"line":46,"column":33},"end":{"line":46,"column":39}},"loc":{"start":{"line":46,"column":54},"end":{"line":58,"column":10}}},"8":{"name":"(anonymous_23)","decl":{"start":{"line":46,"column":54},"end":{"line":46,"column":null}},"loc":{"start":{"line":46,"column":54},"end":{"line":58,"column":9}}},"9":{"name":"(anonymous_24)","decl":{"start":{"line":47,"column":34},"end":{"line":47,"column":47}},"loc":{"start":{"line":47,"column":50},"end":{"line":57,"column":11}}},"10":{"name":"(anonymous_25)","decl":{"start":{"line":49,"column":19},"end":{"line":49,"column":24}},"loc":{"start":{"line":49,"column":28},"end":{"line":49,"column":61}}},"11":{"name":"(anonymous_26)","decl":{"start":{"line":50,"column":23},"end":{"line":50,"column":26}},"loc":{"start":{"line":50,"column":30},"end":{"line":50,"column":44}}}},"branchMap":{"0":{"loc":{"start":{"line":30,"column":2},"end":{"line":34,"column":null}},"type":"if","locations":[{"start":{"line":30,"column":2},"end":{"line":34,"column":null}},{"start":{"line":30,"column":2},"end":{"line":34,"column":null}}]},"1":{"loc":{"start":{"line":35,"column":2},"end":{"line":60,"column":null}},"type":"if","locations":[{"start":{"line":35,"column":2},"end":{"line":60,"column":null}},{"start":{"line":35,"column":2},"end":{"line":60,"column":null}}]}},"s":{"0":3,"1":3,"2":3,"3":3,"4":8,"5":7,"6":4,"7":4,"8":3,"9":3,"10":9,"11":9,"12":9,"13":9,"14":9,"15":9,"16":9,"17":9,"18":9,"19":9,"20":9,"21":9,"22":0,"23":3},"f":{"0":8,"1":4,"2":9,"3":9,"4":9,"5":9,"6":9,"7":9,"8":9,"9":9,"10":9,"11":9},"b":{"0":[4,3],"1":[3,0]}}
}
