TN:
SF:src/mattermost.ts
FN:22,postReportToMatterMost
FN:45,junitSuitePropertiesToString
FN:52,(anonymous_17)
FN:53,(anonymous_18)
FN:58,generateTableMarkdownFromReport
FN:63,(anonymous_20)
FN:90,summarizeReport
FN:91,(anonymous_22)
FN:95,(anonymous_23)
FN:98,(anonymous_24)
FN:101,(anonymous_25)
FN:104,(anonymous_26)
FN:107,(anonymous_27)
FN:118,renderReportToMattermostAttachment
FN:167,getBranchNameFromRef
FN:171,getBranchUrl
FNF:16
FNH:15
FNDA:0,postReportToMatterMost
FNDA:9,junitSuitePropertiesToString
FNDA:3,(anonymous_17)
FNDA:2,(anonymous_18)
FNDA:5,generateTableMarkdownFromReport
FNDA:9,(anonymous_20)
FNDA:10,summarizeReport
FNDA:40,(anonymous_22)
FNDA:18,(anonymous_23)
FNDA:18,(anonymous_24)
FNDA:18,(anonymous_25)
FNDA:18,(anonymous_26)
FNDA:18,(anonymous_27)
FNDA:5,renderReportToMattermostAttachment
FNDA:8,getBranchNameFromRef
FNDA:5,getBranchUrl
DA:1,2
DA:3,2
DA:4,2
DA:5,2
DA:6,2
DA:7,2
DA:22,2
DA:26,0
DA:31,0
DA:32,0
DA:33,0
DA:34,0
DA:48,9
DA:49,8
DA:51,1
DA:52,3
DA:53,2
DA:55,1
DA:59,5
DA:60,5
DA:61,5
DA:64,9
DA:65,9
DA:66,7
DA:72,2
DA:91,10
DA:92,40
DA:94,10
DA:95,18
DA:97,10
DA:98,18
DA:100,10
DA:101,18
DA:103,10
DA:104,18
DA:106,10
DA:107,18
DA:109,10
DA:118,2
DA:121,5
DA:122,5
DA:124,5
DA:125,5
DA:128,5
DA:129,5
DA:130,5
DA:133,5
DA:138,5
DA:142,5
DA:143,5
DA:147,5
DA:148,5
DA:158,5
DA:168,8
DA:172,5
LF:55
LH:50
BRDA:48,0,0,8
BRDA:48,0,1,1
BRDA:52,1,0,3
BRDA:52,1,1,3
BRDA:65,2,0,7
BRDA:65,2,1,2
BRDA:95,3,0,18
BRDA:95,3,1,0
BRDA:95,4,0,18
BRDA:95,4,1,18
BRDA:98,5,0,18
BRDA:98,5,1,0
BRDA:98,6,0,18
BRDA:98,6,1,18
BRDA:101,7,0,18
BRDA:101,7,1,0
BRDA:101,8,0,18
BRDA:101,8,1,18
BRDA:104,9,0,18
BRDA:104,9,1,0
BRDA:104,10,0,18
BRDA:104,10,1,18
BRDA:107,11,0,18
BRDA:107,11,1,0
BRDA:107,12,0,18
BRDA:107,12,1,18
BRDA:126,13,0,5
BRDA:126,13,1,0
BRDA:125,14,0,0
BRDA:125,14,1,5
BRDA:125,15,0,5
BRDA:125,15,1,5
BRDA:129,16,0,0
BRDA:129,16,1,5
BRDA:129,17,0,5
BRDA:129,17,1,5
BRDA:131,18,0,0
BRDA:131,18,1,5
BRDA:130,19,0,5
BRDA:130,19,1,5
BRDA:139,20,0,2
BRDA:139,20,1,3
BRDA:142,21,0,3
BRDA:142,21,1,2
BRDA:144,22,0,3
BRDA:144,22,1,2
BRDA:151,23,0,2
BRDA:151,23,1,3
BRDA:151,24,0,5
BRDA:151,24,1,5
BRDA:151,25,0,3
BRDA:151,25,1,2
BRDA:151,26,0,5
BRDA:151,26,1,2
BRDA:168,27,0,6
BRDA:168,27,1,2
BRF:56
BRH:47
end_of_record
TN:
SF:src/xunit.ts
FN:26,collectXUnitData
FN:33,(anonymous_16)
FN:38,(anonymous_17)
FN:40,(anonymous_18)
FN:40,(anonymous_19)
FN:45,(anonymous_20)
FN:45,(anonymous_21)
FN:46,(anonymous_22)
FN:46,(anonymous_23)
FN:47,(anonymous_24)
FN:49,(anonymous_25)
FN:50,(anonymous_26)
FNF:12
FNH:12
FNDA:8,collectXUnitData
FNDA:4,(anonymous_16)
FNDA:9,(anonymous_17)
FNDA:9,(anonymous_18)
FNDA:9,(anonymous_19)
FNDA:9,(anonymous_20)
FNDA:9,(anonymous_21)
FNDA:9,(anonymous_22)
FNDA:9,(anonymous_23)
FNDA:9,(anonymous_24)
FNDA:9,(anonymous_25)
FNDA:9,(anonymous_26)
DA:1,3
DA:2,3
DA:3,3
DA:5,3
DA:26,3
DA:29,8
DA:30,7
DA:31,4
DA:33,4
DA:35,3
DA:36,3
DA:38,9
DA:40,9
DA:41,9
DA:45,9
DA:46,9
DA:47,9
DA:48,9
DA:49,9
DA:50,9
DA:51,9
DA:56,9
DA:61,0
LF:23
LH:22
BRDA:30,0,0,4
BRDA:30,0,1,3
BRDA:35,1,0,3
BRDA:35,1,1,0
BRF:4
BRH:3
end_of_record
